<?xml version="1.0" encoding="UTF-8"?>
<testsuite xmlns:xsi="http://www.w3.org/2001/XMLSchema-instance" xsi:noNamespaceSchemaLocation="https://maven.apache.org/surefire/maven-surefire-plugin/xsd/surefire-test-report.xsd" name="ua.tqs.homework.testEntities.CityRepositoryTest" time="0.332" tests="2" errors="0" skipped="0" failures="0">
  <properties>
    <property name="sun.desktop" value="gnome"/>
    <property name="awt.toolkit" value="sun.awt.X11.XToolkit"/>
    <property name="file.encoding.pkg" value="sun.io"/>
    <property name="java.specification.version" value="1.8"/>
    <property name="sun.cpu.isalist" value=""/>
    <property name="sun.jnu.encoding" value="UTF-8"/>
    <property name="java.class.path" value="/home/luispaisalves/Desktop/TQS/Homework/target/test-classes:/home/luispaisalves/Desktop/TQS/Homework/target/classes:/home/luispaisalves/.m2/repository/org/springframework/boot/spring-boot-starter-data-jpa/2.2.0.BUILD-SNAPSHOT/spring-boot-starter-data-jpa-2.2.0.BUILD-SNAPSHOT.jar:/home/luispaisalves/.m2/repository/org/springframework/boot/spring-boot-starter-aop/2.2.0.BUILD-SNAPSHOT/spring-boot-starter-aop-2.2.0.BUILD-SNAPSHOT.jar:/home/luispaisalves/.m2/repository/org/springframework/spring-aop/5.2.0.BUILD-SNAPSHOT/spring-aop-5.2.0.BUILD-SNAPSHOT.jar:/home/luispaisalves/.m2/repository/org/aspectj/aspectjweaver/1.9.3/aspectjweaver-1.9.3.jar:/home/luispaisalves/.m2/repository/org/springframework/boot/spring-boot-starter-jdbc/2.2.0.BUILD-SNAPSHOT/spring-boot-starter-jdbc-2.2.0.BUILD-SNAPSHOT.jar:/home/luispaisalves/.m2/repository/com/zaxxer/HikariCP/3.3.1/HikariCP-3.3.1.jar:/home/luispaisalves/.m2/repository/org/springframework/spring-jdbc/5.2.0.BUILD-SNAPSHOT/spring-jdbc-5.2.0.BUILD-SNAPSHOT.jar:/home/luispaisalves/.m2/repository/jakarta/activation/jakarta.activation-api/1.2.1/jakarta.activation-api-1.2.1.jar:/home/luispaisalves/.m2/repository/jakarta/persistence/jakarta.persistence-api/2.2.2/jakarta.persistence-api-2.2.2.jar:/home/luispaisalves/.m2/repository/jakarta/transaction/jakarta.transaction-api/1.3.2/jakarta.transaction-api-1.3.2.jar:/home/luispaisalves/.m2/repository/org/hibernate/hibernate-core/5.4.2.Final/hibernate-core-5.4.2.Final.jar:/home/luispaisalves/.m2/repository/org/jboss/logging/jboss-logging/3.3.2.Final/jboss-logging-3.3.2.Final.jar:/home/luispaisalves/.m2/repository/org/javassist/javassist/3.24.0-GA/javassist-3.24.0-GA.jar:/home/luispaisalves/.m2/repository/antlr/antlr/2.7.7/antlr-2.7.7.jar:/home/luispaisalves/.m2/repository/org/jboss/jandex/2.0.5.Final/jandex-2.0.5.Final.jar:/home/luispaisalves/.m2/repository/com/fasterxml/classmate/1.5.0/classmate-1.5.0.jar:/home/luispaisalves/.m2/repository/org/dom4j/dom4j/2.1.1/dom4j-2.1.1.jar:/home/luispaisalves/.m2/repository/org/hibernate/common/hibernate-commons-annotations/5.1.0.Final/hibernate-commons-annotations-5.1.0.Final.jar:/home/luispaisalves/.m2/repository/org/glassfish/jaxb/jaxb-runtime/2.3.2/jaxb-runtime-2.3.2.jar:/home/luispaisalves/.m2/repository/org/glassfish/jaxb/txw2/2.3.2/txw2-2.3.2.jar:/home/luispaisalves/.m2/repository/com/sun/istack/istack-commons-runtime/3.0.8/istack-commons-runtime-3.0.8.jar:/home/luispaisalves/.m2/repository/org/jvnet/staxex/stax-ex/1.8.1/stax-ex-1.8.1.jar:/home/luispaisalves/.m2/repository/com/sun/xml/fastinfoset/FastInfoset/1.2.16/FastInfoset-1.2.16.jar:/home/luispaisalves/.m2/repository/org/springframework/data/spring-data-jpa/2.2.0.M3/spring-data-jpa-2.2.0.M3.jar:/home/luispaisalves/.m2/repository/org/springframework/data/spring-data-commons/2.2.0.M3/spring-data-commons-2.2.0.M3.jar:/home/luispaisalves/.m2/repository/org/springframework/spring-orm/5.2.0.BUILD-SNAPSHOT/spring-orm-5.2.0.BUILD-SNAPSHOT.jar:/home/luispaisalves/.m2/repository/org/springframework/spring-context/5.2.0.BUILD-SNAPSHOT/spring-context-5.2.0.BUILD-SNAPSHOT.jar:/home/luispaisalves/.m2/repository/org/springframework/spring-tx/5.2.0.BUILD-SNAPSHOT/spring-tx-5.2.0.BUILD-SNAPSHOT.jar:/home/luispaisalves/.m2/repository/org/springframework/spring-beans/5.2.0.BUILD-SNAPSHOT/spring-beans-5.2.0.BUILD-SNAPSHOT.jar:/home/luispaisalves/.m2/repository/org/slf4j/slf4j-api/1.7.26/slf4j-api-1.7.26.jar:/home/luispaisalves/.m2/repository/org/springframework/spring-aspects/5.2.0.BUILD-SNAPSHOT/spring-aspects-5.2.0.BUILD-SNAPSHOT.jar:/home/luispaisalves/.m2/repository/org/springframework/boot/spring-boot-starter-jersey/2.2.0.BUILD-SNAPSHOT/spring-boot-starter-jersey-2.2.0.BUILD-SNAPSHOT.jar:/home/luispaisalves/.m2/repository/org/springframework/boot/spring-boot-starter-json/2.2.0.BUILD-SNAPSHOT/spring-boot-starter-json-2.2.0.BUILD-SNAPSHOT.jar:/home/luispaisalves/.m2/repository/com/fasterxml/jackson/core/jackson-databind/2.9.8/jackson-databind-2.9.8.jar:/home/luispaisalves/.m2/repository/com/fasterxml/jackson/core/jackson-core/2.9.8/jackson-core-2.9.8.jar:/home/luispaisalves/.m2/repository/com/fasterxml/jackson/datatype/jackson-datatype-jdk8/2.9.8/jackson-datatype-jdk8-2.9.8.jar:/home/luispaisalves/.m2/repository/com/fasterxml/jackson/datatype/jackson-datatype-jsr310/2.9.8/jackson-datatype-jsr310-2.9.8.jar:/home/luispaisalves/.m2/repository/com/fasterxml/jackson/module/jackson-module-parameter-names/2.9.8/jackson-module-parameter-names-2.9.8.jar:/home/luispaisalves/.m2/repository/org/springframework/boot/spring-boot-starter-tomcat/2.2.0.BUILD-SNAPSHOT/spring-boot-starter-tomcat-2.2.0.BUILD-SNAPSHOT.jar:/home/luispaisalves/.m2/repository/org/apache/tomcat/embed/tomcat-embed-core/9.0.19/tomcat-embed-core-9.0.19.jar:/home/luispaisalves/.m2/repository/org/apache/tomcat/embed/tomcat-embed-el/9.0.19/tomcat-embed-el-9.0.19.jar:/home/luispaisalves/.m2/repository/org/apache/tomcat/embed/tomcat-embed-websocket/9.0.19/tomcat-embed-websocket-9.0.19.jar:/home/luispaisalves/.m2/repository/org/springframework/boot/spring-boot-starter-validation/2.2.0.BUILD-SNAPSHOT/spring-boot-starter-validation-2.2.0.BUILD-SNAPSHOT.jar:/home/luispaisalves/.m2/repository/jakarta/validation/jakarta.validation-api/2.0.1/jakarta.validation-api-2.0.1.jar:/home/luispaisalves/.m2/repository/org/hibernate/validator/hibernate-validator/6.0.16.Final/hibernate-validator-6.0.16.Final.jar:/home/luispaisalves/.m2/repository/jakarta/annotation/jakarta.annotation-api/1.3.4/jakarta.annotation-api-1.3.4.jar:/home/luispaisalves/.m2/repository/jakarta/ws/rs/jakarta.ws.rs-api/2.1.5/jakarta.ws.rs-api-2.1.5.jar:/home/luispaisalves/.m2/repository/org/springframework/spring-web/5.2.0.BUILD-SNAPSHOT/spring-web-5.2.0.BUILD-SNAPSHOT.jar:/home/luispaisalves/.m2/repository/org/glassfish/jersey/core/jersey-server/2.28/jersey-server-2.28.jar:/home/luispaisalves/.m2/repository/org/glassfish/jersey/core/jersey-common/2.28/jersey-common-2.28.jar:/home/luispaisalves/.m2/repository/org/glassfish/hk2/osgi-resource-locator/1.0.1/osgi-resource-locator-1.0.1.jar:/home/luispaisalves/.m2/repository/org/glassfish/jersey/core/jersey-client/2.28/jersey-client-2.28.jar:/home/luispaisalves/.m2/repository/org/glassfish/jersey/media/jersey-media-jaxb/2.28/jersey-media-jaxb-2.28.jar:/home/luispaisalves/.m2/repository/org/glassfish/hk2/external/jakarta.inject/2.5.0/jakarta.inject-2.5.0.jar:/home/luispaisalves/.m2/repository/org/glassfish/jersey/containers/jersey-container-servlet-core/2.28/jersey-container-servlet-core-2.28.jar:/home/luispaisalves/.m2/repository/org/glassfish/jersey/containers/jersey-container-servlet/2.28/jersey-container-servlet-2.28.jar:/home/luispaisalves/.m2/repository/org/glassfish/jersey/ext/jersey-bean-validation/2.28/jersey-bean-validation-2.28.jar:/home/luispaisalves/.m2/repository/org/glassfish/jersey/ext/jersey-spring4/2.28/jersey-spring4-2.28.jar:/home/luispaisalves/.m2/repository/org/glassfish/jersey/inject/jersey-hk2/2.28/jersey-hk2-2.28.jar:/home/luispaisalves/.m2/repository/org/glassfish/hk2/hk2-locator/2.5.0/hk2-locator-2.5.0.jar:/home/luispaisalves/.m2/repository/org/glassfish/hk2/external/aopalliance-repackaged/2.5.0/aopalliance-repackaged-2.5.0.jar:/home/luispaisalves/.m2/repository/org/glassfish/hk2/hk2/2.5.0/hk2-2.5.0.jar:/home/luispaisalves/.m2/repository/org/glassfish/hk2/hk2-utils/2.5.0/hk2-utils-2.5.0.jar:/home/luispaisalves/.m2/repository/org/glassfish/hk2/hk2-api/2.5.0/hk2-api-2.5.0.jar:/home/luispaisalves/.m2/repository/org/glassfish/hk2/hk2-core/2.5.0/hk2-core-2.5.0.jar:/home/luispaisalves/.m2/repository/org/glassfish/hk2/hk2-runlevel/2.5.0/hk2-runlevel-2.5.0.jar:/home/luispaisalves/.m2/repository/org/glassfish/hk2/class-model/2.5.0/class-model-2.5.0.jar:/home/luispaisalves/.m2/repository/org/glassfish/hk2/external/asm-repackaged/2.5.0/asm-repackaged-2.5.0.jar:/home/luispaisalves/.m2/repository/org/glassfish/hk2/spring-bridge/2.5.0/spring-bridge-2.5.0.jar:/home/luispaisalves/.m2/repository/org/glassfish/jersey/media/jersey-media-json-jackson/2.28/jersey-media-json-jackson-2.28.jar:/home/luispaisalves/.m2/repository/org/glassfish/jersey/ext/jersey-entity-filtering/2.28/jersey-entity-filtering-2.28.jar:/home/luispaisalves/.m2/repository/com/fasterxml/jackson/core/jackson-annotations/2.9.0/jackson-annotations-2.9.0.jar:/home/luispaisalves/.m2/repository/com/fasterxml/jackson/module/jackson-module-jaxb-annotations/2.9.8/jackson-module-jaxb-annotations-2.9.8.jar:/home/luispaisalves/.m2/repository/javax/xml/bind/jaxb-api/2.3.1/jaxb-api-2.3.1.jar:/home/luispaisalves/.m2/repository/javax/activation/javax.activation-api/1.2.0/javax.activation-api-1.2.0.jar:/home/luispaisalves/.m2/repository/org/springframework/boot/spring-boot-starter-web/2.2.0.BUILD-SNAPSHOT/spring-boot-starter-web-2.2.0.BUILD-SNAPSHOT.jar:/home/luispaisalves/.m2/repository/org/springframework/boot/spring-boot-starter/2.2.0.BUILD-SNAPSHOT/spring-boot-starter-2.2.0.BUILD-SNAPSHOT.jar:/home/luispaisalves/.m2/repository/org/springframework/boot/spring-boot-starter-logging/2.2.0.BUILD-SNAPSHOT/spring-boot-starter-logging-2.2.0.BUILD-SNAPSHOT.jar:/home/luispaisalves/.m2/repository/ch/qos/logback/logback-classic/1.2.3/logback-classic-1.2.3.jar:/home/luispaisalves/.m2/repository/ch/qos/logback/logback-core/1.2.3/logback-core-1.2.3.jar:/home/luispaisalves/.m2/repository/org/apache/logging/log4j/log4j-to-slf4j/2.11.2/log4j-to-slf4j-2.11.2.jar:/home/luispaisalves/.m2/repository/org/apache/logging/log4j/log4j-api/2.11.2/log4j-api-2.11.2.jar:/home/luispaisalves/.m2/repository/org/slf4j/jul-to-slf4j/1.7.26/jul-to-slf4j-1.7.26.jar:/home/luispaisalves/.m2/repository/org/yaml/snakeyaml/1.24/snakeyaml-1.24.jar:/home/luispaisalves/.m2/repository/org/springframework/spring-webmvc/5.2.0.BUILD-SNAPSHOT/spring-webmvc-5.2.0.BUILD-SNAPSHOT.jar:/home/luispaisalves/.m2/repository/org/springframework/spring-expression/5.2.0.BUILD-SNAPSHOT/spring-expression-5.2.0.BUILD-SNAPSHOT.jar:/home/luispaisalves/.m2/repository/org/springframework/boot/spring-boot-devtools/2.2.0.BUILD-SNAPSHOT/spring-boot-devtools-2.2.0.BUILD-SNAPSHOT.jar:/home/luispaisalves/.m2/repository/org/springframework/boot/spring-boot/2.2.0.BUILD-SNAPSHOT/spring-boot-2.2.0.BUILD-SNAPSHOT.jar:/home/luispaisalves/.m2/repository/org/springframework/boot/spring-boot-autoconfigure/2.2.0.BUILD-SNAPSHOT/spring-boot-autoconfigure-2.2.0.BUILD-SNAPSHOT.jar:/home/luispaisalves/.m2/repository/com/h2database/h2/1.4.199/h2-1.4.199.jar:/home/luispaisalves/.m2/repository/org/springframework/boot/spring-boot-starter-test/2.2.0.BUILD-SNAPSHOT/spring-boot-starter-test-2.2.0.BUILD-SNAPSHOT.jar:/home/luispaisalves/.m2/repository/org/springframework/boot/spring-boot-test/2.2.0.BUILD-SNAPSHOT/spring-boot-test-2.2.0.BUILD-SNAPSHOT.jar:/home/luispaisalves/.m2/repository/org/springframework/boot/spring-boot-test-autoconfigure/2.2.0.BUILD-SNAPSHOT/spring-boot-test-autoconfigure-2.2.0.BUILD-SNAPSHOT.jar:/home/luispaisalves/.m2/repository/com/jayway/jsonpath/json-path/2.4.0/json-path-2.4.0.jar:/home/luispaisalves/.m2/repository/net/minidev/json-smart/2.3/json-smart-2.3.jar:/home/luispaisalves/.m2/repository/net/minidev/accessors-smart/1.2/accessors-smart-1.2.jar:/home/luispaisalves/.m2/repository/org/ow2/asm/asm/5.0.4/asm-5.0.4.jar:/home/luispaisalves/.m2/repository/jakarta/xml/bind/jakarta.xml.bind-api/2.3.2/jakarta.xml.bind-api-2.3.2.jar:/home/luispaisalves/.m2/repository/junit/junit/4.12/junit-4.12.jar:/home/luispaisalves/.m2/repository/org/assertj/assertj-core/3.12.2/assertj-core-3.12.2.jar:/home/luispaisalves/.m2/repository/org/hamcrest/hamcrest-core/1.3/hamcrest-core-1.3.jar:/home/luispaisalves/.m2/repository/org/hamcrest/hamcrest-library/1.3/hamcrest-library-1.3.jar:/home/luispaisalves/.m2/repository/org/mockito/mockito-core/2.25.1/mockito-core-2.25.1.jar:/home/luispaisalves/.m2/repository/net/bytebuddy/byte-buddy-agent/1.9.12/byte-buddy-agent-1.9.12.jar:/home/luispaisalves/.m2/repository/org/objenesis/objenesis/2.6/objenesis-2.6.jar:/home/luispaisalves/.m2/repository/org/skyscreamer/jsonassert/1.5.0/jsonassert-1.5.0.jar:/home/luispaisalves/.m2/repository/com/vaadin/external/google/android-json/0.0.20131108.vaadin1/android-json-0.0.20131108.vaadin1.jar:/home/luispaisalves/.m2/repository/org/springframework/spring-core/5.2.0.BUILD-SNAPSHOT/spring-core-5.2.0.BUILD-SNAPSHOT.jar:/home/luispaisalves/.m2/repository/org/springframework/spring-jcl/5.2.0.BUILD-SNAPSHOT/spring-jcl-5.2.0.BUILD-SNAPSHOT.jar:/home/luispaisalves/.m2/repository/org/springframework/spring-test/5.2.0.BUILD-SNAPSHOT/spring-test-5.2.0.BUILD-SNAPSHOT.jar:/home/luispaisalves/.m2/repository/org/xmlunit/xmlunit-core/2.6.2/xmlunit-core-2.6.2.jar:/home/luispaisalves/.m2/repository/org/springframework/boot/spring-boot-starter-thymeleaf/2.2.0.BUILD-SNAPSHOT/spring-boot-starter-thymeleaf-2.2.0.BUILD-SNAPSHOT.jar:/home/luispaisalves/.m2/repository/org/thymeleaf/thymeleaf-spring5/3.0.11.RELEASE/thymeleaf-spring5-3.0.11.RELEASE.jar:/home/luispaisalves/.m2/repository/org/thymeleaf/thymeleaf/3.0.11.RELEASE/thymeleaf-3.0.11.RELEASE.jar:/home/luispaisalves/.m2/repository/org/attoparser/attoparser/2.0.5.RELEASE/attoparser-2.0.5.RELEASE.jar:/home/luispaisalves/.m2/repository/org/unbescape/unbescape/1.1.6.RELEASE/unbescape-1.1.6.RELEASE.jar:/home/luispaisalves/.m2/repository/org/thymeleaf/extras/thymeleaf-extras-java8time/3.0.4.RELEASE/thymeleaf-extras-java8time-3.0.4.RELEASE.jar:/home/luispaisalves/.m2/repository/org/json/json/20180813/json-20180813.jar:/home/luispaisalves/.m2/repository/org/seleniumhq/selenium/selenium-java/3.7.0/selenium-java-3.7.0.jar:/home/luispaisalves/.m2/repository/org/seleniumhq/selenium/selenium-api/3.141.59/selenium-api-3.141.59.jar:/home/luispaisalves/.m2/repository/org/seleniumhq/selenium/selenium-edge-driver/3.141.59/selenium-edge-driver-3.141.59.jar:/home/luispaisalves/.m2/repository/org/seleniumhq/selenium/selenium-ie-driver/3.141.59/selenium-ie-driver-3.141.59.jar:/home/luispaisalves/.m2/repository/org/seleniumhq/selenium/selenium-opera-driver/3.141.59/selenium-opera-driver-3.141.59.jar:/home/luispaisalves/.m2/repository/org/seleniumhq/selenium/selenium-remote-driver/3.141.59/selenium-remote-driver-3.141.59.jar:/home/luispaisalves/.m2/repository/org/seleniumhq/selenium/selenium-safari-driver/3.141.59/selenium-safari-driver-3.141.59.jar:/home/luispaisalves/.m2/repository/org/seleniumhq/selenium/selenium-support/3.141.59/selenium-support-3.141.59.jar:/home/luispaisalves/.m2/repository/net/bytebuddy/byte-buddy/1.9.12/byte-buddy-1.9.12.jar:/home/luispaisalves/.m2/repository/org/apache/commons/commons-exec/1.3/commons-exec-1.3.jar:/home/luispaisalves/.m2/repository/commons-codec/commons-codec/1.12/commons-codec-1.12.jar:/home/luispaisalves/.m2/repository/commons-logging/commons-logging/1.2/commons-logging-1.2.jar:/home/luispaisalves/.m2/repository/com/google/code/gson/gson/2.8.5/gson-2.8.5.jar:/home/luispaisalves/.m2/repository/com/google/guava/guava/23.0/guava-23.0.jar:/home/luispaisalves/.m2/repository/com/google/code/findbugs/jsr305/1.3.9/jsr305-1.3.9.jar:/home/luispaisalves/.m2/repository/com/google/errorprone/error_prone_annotations/2.0.18/error_prone_annotations-2.0.18.jar:/home/luispaisalves/.m2/repository/com/google/j2objc/j2objc-annotations/1.1/j2objc-annotations-1.1.jar:/home/luispaisalves/.m2/repository/org/codehaus/mojo/animal-sniffer-annotations/1.14/animal-sniffer-annotations-1.14.jar:/home/luispaisalves/.m2/repository/org/apache/httpcomponents/httpclient/4.5.8/httpclient-4.5.8.jar:/home/luispaisalves/.m2/repository/org/apache/httpcomponents/httpcore/4.4.11/httpcore-4.4.11.jar:/home/luispaisalves/.m2/repository/org/seleniumhq/selenium/selenium-firefox-driver/3.141.59/selenium-firefox-driver-3.141.59.jar:/home/luispaisalves/.m2/repository/com/squareup/okhttp3/okhttp/3.14.1/okhttp-3.14.1.jar:/home/luispaisalves/.m2/repository/com/squareup/okio/okio/1.14.0/okio-1.14.0.jar:/home/luispaisalves/.m2/repository/org/seleniumhq/selenium/selenium-chrome-driver/3.141.59/selenium-chrome-driver-3.141.59.jar:"/>
    <property name="java.vm.vendor" value="Oracle Corporation"/>
    <property name="sun.arch.data.model" value="64"/>
    <property name="java.vendor.url" value="http://java.oracle.com/"/>
    <property name="user.timezone" value=""/>
    <property name="java.vm.specification.version" value="1.8"/>
    <property name="os.name" value="Linux"/>
    <property name="sun.java.launcher" value="SUN_STANDARD"/>
    <property name="user.country" value="PT"/>
    <property name="sun.boot.library.path" value="/usr/lib/jvm/java-8-openjdk-amd64/jre/lib/amd64"/>
    <property name="sun.java.command" value="/home/luispaisalves/Desktop/TQS/Homework/target/surefire/surefirebooter569035526869008592.jar /home/luispaisalves/Desktop/TQS/Homework/target/surefire 2019-05-06T19-27-03_704-jvmRun1 surefire212412295499082404tmp surefire_02844304552967013809tmp"/>
    <property name="surefire.test.class.path" value="/home/luispaisalves/Desktop/TQS/Homework/target/test-classes:/home/luispaisalves/Desktop/TQS/Homework/target/classes:/home/luispaisalves/.m2/repository/org/springframework/boot/spring-boot-starter-data-jpa/2.2.0.BUILD-SNAPSHOT/spring-boot-starter-data-jpa-2.2.0.BUILD-SNAPSHOT.jar:/home/luispaisalves/.m2/repository/org/springframework/boot/spring-boot-starter-aop/2.2.0.BUILD-SNAPSHOT/spring-boot-starter-aop-2.2.0.BUILD-SNAPSHOT.jar:/home/luispaisalves/.m2/repository/org/springframework/spring-aop/5.2.0.BUILD-SNAPSHOT/spring-aop-5.2.0.BUILD-SNAPSHOT.jar:/home/luispaisalves/.m2/repository/org/aspectj/aspectjweaver/1.9.3/aspectjweaver-1.9.3.jar:/home/luispaisalves/.m2/repository/org/springframework/boot/spring-boot-starter-jdbc/2.2.0.BUILD-SNAPSHOT/spring-boot-starter-jdbc-2.2.0.BUILD-SNAPSHOT.jar:/home/luispaisalves/.m2/repository/com/zaxxer/HikariCP/3.3.1/HikariCP-3.3.1.jar:/home/luispaisalves/.m2/repository/org/springframework/spring-jdbc/5.2.0.BUILD-SNAPSHOT/spring-jdbc-5.2.0.BUILD-SNAPSHOT.jar:/home/luispaisalves/.m2/repository/jakarta/activation/jakarta.activation-api/1.2.1/jakarta.activation-api-1.2.1.jar:/home/luispaisalves/.m2/repository/jakarta/persistence/jakarta.persistence-api/2.2.2/jakarta.persistence-api-2.2.2.jar:/home/luispaisalves/.m2/repository/jakarta/transaction/jakarta.transaction-api/1.3.2/jakarta.transaction-api-1.3.2.jar:/home/luispaisalves/.m2/repository/org/hibernate/hibernate-core/5.4.2.Final/hibernate-core-5.4.2.Final.jar:/home/luispaisalves/.m2/repository/org/jboss/logging/jboss-logging/3.3.2.Final/jboss-logging-3.3.2.Final.jar:/home/luispaisalves/.m2/repository/org/javassist/javassist/3.24.0-GA/javassist-3.24.0-GA.jar:/home/luispaisalves/.m2/repository/antlr/antlr/2.7.7/antlr-2.7.7.jar:/home/luispaisalves/.m2/repository/org/jboss/jandex/2.0.5.Final/jandex-2.0.5.Final.jar:/home/luispaisalves/.m2/repository/com/fasterxml/classmate/1.5.0/classmate-1.5.0.jar:/home/luispaisalves/.m2/repository/org/dom4j/dom4j/2.1.1/dom4j-2.1.1.jar:/home/luispaisalves/.m2/repository/org/hibernate/common/hibernate-commons-annotations/5.1.0.Final/hibernate-commons-annotations-5.1.0.Final.jar:/home/luispaisalves/.m2/repository/org/glassfish/jaxb/jaxb-runtime/2.3.2/jaxb-runtime-2.3.2.jar:/home/luispaisalves/.m2/repository/org/glassfish/jaxb/txw2/2.3.2/txw2-2.3.2.jar:/home/luispaisalves/.m2/repository/com/sun/istack/istack-commons-runtime/3.0.8/istack-commons-runtime-3.0.8.jar:/home/luispaisalves/.m2/repository/org/jvnet/staxex/stax-ex/1.8.1/stax-ex-1.8.1.jar:/home/luispaisalves/.m2/repository/com/sun/xml/fastinfoset/FastInfoset/1.2.16/FastInfoset-1.2.16.jar:/home/luispaisalves/.m2/repository/org/springframework/data/spring-data-jpa/2.2.0.M3/spring-data-jpa-2.2.0.M3.jar:/home/luispaisalves/.m2/repository/org/springframework/data/spring-data-commons/2.2.0.M3/spring-data-commons-2.2.0.M3.jar:/home/luispaisalves/.m2/repository/org/springframework/spring-orm/5.2.0.BUILD-SNAPSHOT/spring-orm-5.2.0.BUILD-SNAPSHOT.jar:/home/luispaisalves/.m2/repository/org/springframework/spring-context/5.2.0.BUILD-SNAPSHOT/spring-context-5.2.0.BUILD-SNAPSHOT.jar:/home/luispaisalves/.m2/repository/org/springframework/spring-tx/5.2.0.BUILD-SNAPSHOT/spring-tx-5.2.0.BUILD-SNAPSHOT.jar:/home/luispaisalves/.m2/repository/org/springframework/spring-beans/5.2.0.BUILD-SNAPSHOT/spring-beans-5.2.0.BUILD-SNAPSHOT.jar:/home/luispaisalves/.m2/repository/org/slf4j/slf4j-api/1.7.26/slf4j-api-1.7.26.jar:/home/luispaisalves/.m2/repository/org/springframework/spring-aspects/5.2.0.BUILD-SNAPSHOT/spring-aspects-5.2.0.BUILD-SNAPSHOT.jar:/home/luispaisalves/.m2/repository/org/springframework/boot/spring-boot-starter-jersey/2.2.0.BUILD-SNAPSHOT/spring-boot-starter-jersey-2.2.0.BUILD-SNAPSHOT.jar:/home/luispaisalves/.m2/repository/org/springframework/boot/spring-boot-starter-json/2.2.0.BUILD-SNAPSHOT/spring-boot-starter-json-2.2.0.BUILD-SNAPSHOT.jar:/home/luispaisalves/.m2/repository/com/fasterxml/jackson/core/jackson-databind/2.9.8/jackson-databind-2.9.8.jar:/home/luispaisalves/.m2/repository/com/fasterxml/jackson/core/jackson-core/2.9.8/jackson-core-2.9.8.jar:/home/luispaisalves/.m2/repository/com/fasterxml/jackson/datatype/jackson-datatype-jdk8/2.9.8/jackson-datatype-jdk8-2.9.8.jar:/home/luispaisalves/.m2/repository/com/fasterxml/jackson/datatype/jackson-datatype-jsr310/2.9.8/jackson-datatype-jsr310-2.9.8.jar:/home/luispaisalves/.m2/repository/com/fasterxml/jackson/module/jackson-module-parameter-names/2.9.8/jackson-module-parameter-names-2.9.8.jar:/home/luispaisalves/.m2/repository/org/springframework/boot/spring-boot-starter-tomcat/2.2.0.BUILD-SNAPSHOT/spring-boot-starter-tomcat-2.2.0.BUILD-SNAPSHOT.jar:/home/luispaisalves/.m2/repository/org/apache/tomcat/embed/tomcat-embed-core/9.0.19/tomcat-embed-core-9.0.19.jar:/home/luispaisalves/.m2/repository/org/apache/tomcat/embed/tomcat-embed-el/9.0.19/tomcat-embed-el-9.0.19.jar:/home/luispaisalves/.m2/repository/org/apache/tomcat/embed/tomcat-embed-websocket/9.0.19/tomcat-embed-websocket-9.0.19.jar:/home/luispaisalves/.m2/repository/org/springframework/boot/spring-boot-starter-validation/2.2.0.BUILD-SNAPSHOT/spring-boot-starter-validation-2.2.0.BUILD-SNAPSHOT.jar:/home/luispaisalves/.m2/repository/jakarta/validation/jakarta.validation-api/2.0.1/jakarta.validation-api-2.0.1.jar:/home/luispaisalves/.m2/repository/org/hibernate/validator/hibernate-validator/6.0.16.Final/hibernate-validator-6.0.16.Final.jar:/home/luispaisalves/.m2/repository/jakarta/annotation/jakarta.annotation-api/1.3.4/jakarta.annotation-api-1.3.4.jar:/home/luispaisalves/.m2/repository/jakarta/ws/rs/jakarta.ws.rs-api/2.1.5/jakarta.ws.rs-api-2.1.5.jar:/home/luispaisalves/.m2/repository/org/springframework/spring-web/5.2.0.BUILD-SNAPSHOT/spring-web-5.2.0.BUILD-SNAPSHOT.jar:/home/luispaisalves/.m2/repository/org/glassfish/jersey/core/jersey-server/2.28/jersey-server-2.28.jar:/home/luispaisalves/.m2/repository/org/glassfish/jersey/core/jersey-common/2.28/jersey-common-2.28.jar:/home/luispaisalves/.m2/repository/org/glassfish/hk2/osgi-resource-locator/1.0.1/osgi-resource-locator-1.0.1.jar:/home/luispaisalves/.m2/repository/org/glassfish/jersey/core/jersey-client/2.28/jersey-client-2.28.jar:/home/luispaisalves/.m2/repository/org/glassfish/jersey/media/jersey-media-jaxb/2.28/jersey-media-jaxb-2.28.jar:/home/luispaisalves/.m2/repository/org/glassfish/hk2/external/jakarta.inject/2.5.0/jakarta.inject-2.5.0.jar:/home/luispaisalves/.m2/repository/org/glassfish/jersey/containers/jersey-container-servlet-core/2.28/jersey-container-servlet-core-2.28.jar:/home/luispaisalves/.m2/repository/org/glassfish/jersey/containers/jersey-container-servlet/2.28/jersey-container-servlet-2.28.jar:/home/luispaisalves/.m2/repository/org/glassfish/jersey/ext/jersey-bean-validation/2.28/jersey-bean-validation-2.28.jar:/home/luispaisalves/.m2/repository/org/glassfish/jersey/ext/jersey-spring4/2.28/jersey-spring4-2.28.jar:/home/luispaisalves/.m2/repository/org/glassfish/jersey/inject/jersey-hk2/2.28/jersey-hk2-2.28.jar:/home/luispaisalves/.m2/repository/org/glassfish/hk2/hk2-locator/2.5.0/hk2-locator-2.5.0.jar:/home/luispaisalves/.m2/repository/org/glassfish/hk2/external/aopalliance-repackaged/2.5.0/aopalliance-repackaged-2.5.0.jar:/home/luispaisalves/.m2/repository/org/glassfish/hk2/hk2/2.5.0/hk2-2.5.0.jar:/home/luispaisalves/.m2/repository/org/glassfish/hk2/hk2-utils/2.5.0/hk2-utils-2.5.0.jar:/home/luispaisalves/.m2/repository/org/glassfish/hk2/hk2-api/2.5.0/hk2-api-2.5.0.jar:/home/luispaisalves/.m2/repository/org/glassfish/hk2/hk2-core/2.5.0/hk2-core-2.5.0.jar:/home/luispaisalves/.m2/repository/org/glassfish/hk2/hk2-runlevel/2.5.0/hk2-runlevel-2.5.0.jar:/home/luispaisalves/.m2/repository/org/glassfish/hk2/class-model/2.5.0/class-model-2.5.0.jar:/home/luispaisalves/.m2/repository/org/glassfish/hk2/external/asm-repackaged/2.5.0/asm-repackaged-2.5.0.jar:/home/luispaisalves/.m2/repository/org/glassfish/hk2/spring-bridge/2.5.0/spring-bridge-2.5.0.jar:/home/luispaisalves/.m2/repository/org/glassfish/jersey/media/jersey-media-json-jackson/2.28/jersey-media-json-jackson-2.28.jar:/home/luispaisalves/.m2/repository/org/glassfish/jersey/ext/jersey-entity-filtering/2.28/jersey-entity-filtering-2.28.jar:/home/luispaisalves/.m2/repository/com/fasterxml/jackson/core/jackson-annotations/2.9.0/jackson-annotations-2.9.0.jar:/home/luispaisalves/.m2/repository/com/fasterxml/jackson/module/jackson-module-jaxb-annotations/2.9.8/jackson-module-jaxb-annotations-2.9.8.jar:/home/luispaisalves/.m2/repository/javax/xml/bind/jaxb-api/2.3.1/jaxb-api-2.3.1.jar:/home/luispaisalves/.m2/repository/javax/activation/javax.activation-api/1.2.0/javax.activation-api-1.2.0.jar:/home/luispaisalves/.m2/repository/org/springframework/boot/spring-boot-starter-web/2.2.0.BUILD-SNAPSHOT/spring-boot-starter-web-2.2.0.BUILD-SNAPSHOT.jar:/home/luispaisalves/.m2/repository/org/springframework/boot/spring-boot-starter/2.2.0.BUILD-SNAPSHOT/spring-boot-starter-2.2.0.BUILD-SNAPSHOT.jar:/home/luispaisalves/.m2/repository/org/springframework/boot/spring-boot-starter-logging/2.2.0.BUILD-SNAPSHOT/spring-boot-starter-logging-2.2.0.BUILD-SNAPSHOT.jar:/home/luispaisalves/.m2/repository/ch/qos/logback/logback-classic/1.2.3/logback-classic-1.2.3.jar:/home/luispaisalves/.m2/repository/ch/qos/logback/logback-core/1.2.3/logback-core-1.2.3.jar:/home/luispaisalves/.m2/repository/org/apache/logging/log4j/log4j-to-slf4j/2.11.2/log4j-to-slf4j-2.11.2.jar:/home/luispaisalves/.m2/repository/org/apache/logging/log4j/log4j-api/2.11.2/log4j-api-2.11.2.jar:/home/luispaisalves/.m2/repository/org/slf4j/jul-to-slf4j/1.7.26/jul-to-slf4j-1.7.26.jar:/home/luispaisalves/.m2/repository/org/yaml/snakeyaml/1.24/snakeyaml-1.24.jar:/home/luispaisalves/.m2/repository/org/springframework/spring-webmvc/5.2.0.BUILD-SNAPSHOT/spring-webmvc-5.2.0.BUILD-SNAPSHOT.jar:/home/luispaisalves/.m2/repository/org/springframework/spring-expression/5.2.0.BUILD-SNAPSHOT/spring-expression-5.2.0.BUILD-SNAPSHOT.jar:/home/luispaisalves/.m2/repository/org/springframework/boot/spring-boot-devtools/2.2.0.BUILD-SNAPSHOT/spring-boot-devtools-2.2.0.BUILD-SNAPSHOT.jar:/home/luispaisalves/.m2/repository/org/springframework/boot/spring-boot/2.2.0.BUILD-SNAPSHOT/spring-boot-2.2.0.BUILD-SNAPSHOT.jar:/home/luispaisalves/.m2/repository/org/springframework/boot/spring-boot-autoconfigure/2.2.0.BUILD-SNAPSHOT/spring-boot-autoconfigure-2.2.0.BUILD-SNAPSHOT.jar:/home/luispaisalves/.m2/repository/com/h2database/h2/1.4.199/h2-1.4.199.jar:/home/luispaisalves/.m2/repository/org/springframework/boot/spring-boot-starter-test/2.2.0.BUILD-SNAPSHOT/spring-boot-starter-test-2.2.0.BUILD-SNAPSHOT.jar:/home/luispaisalves/.m2/repository/org/springframework/boot/spring-boot-test/2.2.0.BUILD-SNAPSHOT/spring-boot-test-2.2.0.BUILD-SNAPSHOT.jar:/home/luispaisalves/.m2/repository/org/springframework/boot/spring-boot-test-autoconfigure/2.2.0.BUILD-SNAPSHOT/spring-boot-test-autoconfigure-2.2.0.BUILD-SNAPSHOT.jar:/home/luispaisalves/.m2/repository/com/jayway/jsonpath/json-path/2.4.0/json-path-2.4.0.jar:/home/luispaisalves/.m2/repository/net/minidev/json-smart/2.3/json-smart-2.3.jar:/home/luispaisalves/.m2/repository/net/minidev/accessors-smart/1.2/accessors-smart-1.2.jar:/home/luispaisalves/.m2/repository/org/ow2/asm/asm/5.0.4/asm-5.0.4.jar:/home/luispaisalves/.m2/repository/jakarta/xml/bind/jakarta.xml.bind-api/2.3.2/jakarta.xml.bind-api-2.3.2.jar:/home/luispaisalves/.m2/repository/junit/junit/4.12/junit-4.12.jar:/home/luispaisalves/.m2/repository/org/assertj/assertj-core/3.12.2/assertj-core-3.12.2.jar:/home/luispaisalves/.m2/repository/org/hamcrest/hamcrest-core/1.3/hamcrest-core-1.3.jar:/home/luispaisalves/.m2/repository/org/hamcrest/hamcrest-library/1.3/hamcrest-library-1.3.jar:/home/luispaisalves/.m2/repository/org/mockito/mockito-core/2.25.1/mockito-core-2.25.1.jar:/home/luispaisalves/.m2/repository/net/bytebuddy/byte-buddy-agent/1.9.12/byte-buddy-agent-1.9.12.jar:/home/luispaisalves/.m2/repository/org/objenesis/objenesis/2.6/objenesis-2.6.jar:/home/luispaisalves/.m2/repository/org/skyscreamer/jsonassert/1.5.0/jsonassert-1.5.0.jar:/home/luispaisalves/.m2/repository/com/vaadin/external/google/android-json/0.0.20131108.vaadin1/android-json-0.0.20131108.vaadin1.jar:/home/luispaisalves/.m2/repository/org/springframework/spring-core/5.2.0.BUILD-SNAPSHOT/spring-core-5.2.0.BUILD-SNAPSHOT.jar:/home/luispaisalves/.m2/repository/org/springframework/spring-jcl/5.2.0.BUILD-SNAPSHOT/spring-jcl-5.2.0.BUILD-SNAPSHOT.jar:/home/luispaisalves/.m2/repository/org/springframework/spring-test/5.2.0.BUILD-SNAPSHOT/spring-test-5.2.0.BUILD-SNAPSHOT.jar:/home/luispaisalves/.m2/repository/org/xmlunit/xmlunit-core/2.6.2/xmlunit-core-2.6.2.jar:/home/luispaisalves/.m2/repository/org/springframework/boot/spring-boot-starter-thymeleaf/2.2.0.BUILD-SNAPSHOT/spring-boot-starter-thymeleaf-2.2.0.BUILD-SNAPSHOT.jar:/home/luispaisalves/.m2/repository/org/thymeleaf/thymeleaf-spring5/3.0.11.RELEASE/thymeleaf-spring5-3.0.11.RELEASE.jar:/home/luispaisalves/.m2/repository/org/thymeleaf/thymeleaf/3.0.11.RELEASE/thymeleaf-3.0.11.RELEASE.jar:/home/luispaisalves/.m2/repository/org/attoparser/attoparser/2.0.5.RELEASE/attoparser-2.0.5.RELEASE.jar:/home/luispaisalves/.m2/repository/org/unbescape/unbescape/1.1.6.RELEASE/unbescape-1.1.6.RELEASE.jar:/home/luispaisalves/.m2/repository/org/thymeleaf/extras/thymeleaf-extras-java8time/3.0.4.RELEASE/thymeleaf-extras-java8time-3.0.4.RELEASE.jar:/home/luispaisalves/.m2/repository/org/json/json/20180813/json-20180813.jar:/home/luispaisalves/.m2/repository/org/seleniumhq/selenium/selenium-java/3.7.0/selenium-java-3.7.0.jar:/home/luispaisalves/.m2/repository/org/seleniumhq/selenium/selenium-api/3.141.59/selenium-api-3.141.59.jar:/home/luispaisalves/.m2/repository/org/seleniumhq/selenium/selenium-edge-driver/3.141.59/selenium-edge-driver-3.141.59.jar:/home/luispaisalves/.m2/repository/org/seleniumhq/selenium/selenium-ie-driver/3.141.59/selenium-ie-driver-3.141.59.jar:/home/luispaisalves/.m2/repository/org/seleniumhq/selenium/selenium-opera-driver/3.141.59/selenium-opera-driver-3.141.59.jar:/home/luispaisalves/.m2/repository/org/seleniumhq/selenium/selenium-remote-driver/3.141.59/selenium-remote-driver-3.141.59.jar:/home/luispaisalves/.m2/repository/org/seleniumhq/selenium/selenium-safari-driver/3.141.59/selenium-safari-driver-3.141.59.jar:/home/luispaisalves/.m2/repository/org/seleniumhq/selenium/selenium-support/3.141.59/selenium-support-3.141.59.jar:/home/luispaisalves/.m2/repository/net/bytebuddy/byte-buddy/1.9.12/byte-buddy-1.9.12.jar:/home/luispaisalves/.m2/repository/org/apache/commons/commons-exec/1.3/commons-exec-1.3.jar:/home/luispaisalves/.m2/repository/commons-codec/commons-codec/1.12/commons-codec-1.12.jar:/home/luispaisalves/.m2/repository/commons-logging/commons-logging/1.2/commons-logging-1.2.jar:/home/luispaisalves/.m2/repository/com/google/code/gson/gson/2.8.5/gson-2.8.5.jar:/home/luispaisalves/.m2/repository/com/google/guava/guava/23.0/guava-23.0.jar:/home/luispaisalves/.m2/repository/com/google/code/findbugs/jsr305/1.3.9/jsr305-1.3.9.jar:/home/luispaisalves/.m2/repository/com/google/errorprone/error_prone_annotations/2.0.18/error_prone_annotations-2.0.18.jar:/home/luispaisalves/.m2/repository/com/google/j2objc/j2objc-annotations/1.1/j2objc-annotations-1.1.jar:/home/luispaisalves/.m2/repository/org/codehaus/mojo/animal-sniffer-annotations/1.14/animal-sniffer-annotations-1.14.jar:/home/luispaisalves/.m2/repository/org/apache/httpcomponents/httpclient/4.5.8/httpclient-4.5.8.jar:/home/luispaisalves/.m2/repository/org/apache/httpcomponents/httpcore/4.4.11/httpcore-4.4.11.jar:/home/luispaisalves/.m2/repository/org/seleniumhq/selenium/selenium-firefox-driver/3.141.59/selenium-firefox-driver-3.141.59.jar:/home/luispaisalves/.m2/repository/com/squareup/okhttp3/okhttp/3.14.1/okhttp-3.14.1.jar:/home/luispaisalves/.m2/repository/com/squareup/okio/okio/1.14.0/okio-1.14.0.jar:/home/luispaisalves/.m2/repository/org/seleniumhq/selenium/selenium-chrome-driver/3.141.59/selenium-chrome-driver-3.141.59.jar:"/>
    <property name="sun.cpu.endian" value="little"/>
    <property name="user.home" value="/home/luispaisalves"/>
    <property name="user.language" value="pt"/>
    <property name="java.specification.vendor" value="Oracle Corporation"/>
    <property name="java.home" value="/usr/lib/jvm/java-8-openjdk-amd64/jre"/>
    <property name="basedir" value="/home/luispaisalves/Desktop/TQS/Homework"/>
    <property name="file.separator" value="/"/>
    <property name="line.separator" value="&#10;"/>
    <property name="java.vm.specification.vendor" value="Oracle Corporation"/>
    <property name="java.specification.name" value="Java Platform API Specification"/>
    <property name="java.awt.graphicsenv" value="sun.awt.X11GraphicsEnvironment"/>
    <property name="surefire.real.class.path" value="/home/luispaisalves/Desktop/TQS/Homework/target/surefire/surefirebooter569035526869008592.jar"/>
    <property name="sun.boot.class.path" value="/usr/lib/jvm/java-8-openjdk-amd64/jre/lib/resources.jar:/usr/lib/jvm/java-8-openjdk-amd64/jre/lib/rt.jar:/usr/lib/jvm/java-8-openjdk-amd64/jre/lib/sunrsasign.jar:/usr/lib/jvm/java-8-openjdk-amd64/jre/lib/jsse.jar:/usr/lib/jvm/java-8-openjdk-amd64/jre/lib/jce.jar:/usr/lib/jvm/java-8-openjdk-amd64/jre/lib/charsets.jar:/usr/lib/jvm/java-8-openjdk-amd64/jre/lib/jfr.jar:/usr/lib/jvm/java-8-openjdk-amd64/jre/classes"/>
    <property name="sun.management.compiler" value="HotSpot 64-Bit Tiered Compilers"/>
    <property name="java.runtime.version" value="1.8.0_191-8u191-b12-2ubuntu0.18.10.1-b12"/>
    <property name="user.name" value="luispaisalves"/>
    <property name="path.separator" value=":"/>
    <property name="os.version" value="4.18.0-17-generic"/>
    <property name="java.endorsed.dirs" value="/usr/lib/jvm/java-8-openjdk-amd64/jre/lib/endorsed"/>
    <property name="java.runtime.name" value="OpenJDK Runtime Environment"/>
    <property name="file.encoding" value="UTF-8"/>
    <property name="java.vm.name" value="OpenJDK 64-Bit Server VM"/>
    <property name="maven.ext.class.path" value="/home/luispaisalves/netbeans-8.0.2/java/maven-nblib/netbeans-eventspy.jar"/>
    <property name="localRepository" value="/home/luispaisalves/.m2/repository"/>
    <property name="java.vendor.url.bug" value="http://bugreport.sun.com/bugreport/"/>
    <property name="java.io.tmpdir" value="/tmp"/>
    <property name="java.version" value="1.8.0_191"/>
    <property name="user.dir" value="/home/luispaisalves/Desktop/TQS/Homework"/>
    <property name="os.arch" value="amd64"/>
    <property name="java.vm.specification.name" value="Java Virtual Machine Specification"/>
    <property name="java.awt.printerjob" value="sun.print.PSPrinterJob"/>
    <property name="sun.os.patch.level" value="unknown"/>
    <property name="java.library.path" value="/usr/lib/jvm/java-8-openjdk-amd64/jre/lib/amd64:/usr/lib/jvm/java-8-openjdk-amd64/jre/lib/i386::/usr/java/packages/lib/amd64:/usr/lib/x86_64-linux-gnu/jni:/lib/x86_64-linux-gnu:/usr/lib/x86_64-linux-gnu:/usr/lib/jni:/lib:/usr/lib"/>
    <property name="java.vm.info" value="mixed mode"/>
    <property name="java.vendor" value="Oracle Corporation"/>
    <property name="java.vm.version" value="25.191-b12"/>
    <property name="java.ext.dirs" value="/usr/lib/jvm/java-8-openjdk-amd64/jre/lib/ext:/usr/java/packages/lib/ext"/>
    <property name="sun.io.unicode.encoding" value="UnicodeLittle"/>
    <property name="java.class.version" value="52.0"/>
  </properties>
  <testcase name="whenFindAll_containsCity" classname="ua.tqs.homework.testEntities.CityRepositoryTest" time="0.318"/>
  <testcase name="whenGetById_returnCity" classname="ua.tqs.homework.testEntities.CityRepositoryTest" time="0.01"/>
</testsuite>